[debug] [2019-02-26T11:48:55.747Z] ----------------------------------------------------------------------
[debug] [2019-02-26T11:48:55.750Z] Command:       /usr/local/bin/node /Users/lukasv/dinify/node_modules/.bin/firebase deploy --only hosting:dinify
[debug] [2019-02-26T11:48:55.750Z] CLI Version:   6.3.1
[debug] [2019-02-26T11:48:55.750Z] Platform:      darwin
[debug] [2019-02-26T11:48:55.750Z] Node Version:  v10.14.0
[debug] [2019-02-26T11:48:55.751Z] Time:          Tue Feb 26 2019 12:48:55 GMT+0100 (Central European Standard Time)
[debug] [2019-02-26T11:48:55.752Z] ----------------------------------------------------------------------
[debug] 
[debug] [2019-02-26T11:48:55.769Z] > command requires scopes: ["email","openid","https://www.googleapis.com/auth/cloudplatformprojects.readonly","https://www.googleapis.com/auth/firebase","https://www.googleapis.com/auth/cloud-platform"]
[debug] [2019-02-26T11:48:55.769Z] > authorizing via signed-in user
[debug] [2019-02-26T11:48:55.770Z] [iam] checking project tabb-global for permissions ["firebase.projects.get","firebasehosting.sites.update"]
[debug] [2019-02-26T11:48:55.772Z] >>> HTTP REQUEST POST https://cloudresourcemanager.googleapis.com/v1/projects/tabb-global:testIamPermissions  

[debug] [2019-02-26T11:48:57.086Z] <<< HTTP RESPONSE 200
[debug] [2019-02-26T11:48:57.089Z] >>> HTTP REQUEST GET https://firebase.googleapis.com/v1beta1/projects/tabb-global  
 
[debug] [2019-02-26T11:48:57.386Z] <<< HTTP RESPONSE 200
[info] 
[info] === Deploying to 'tabb-global'...
[info] 
[info] i  deploying hosting
[debug] [2019-02-26T11:48:57.391Z] >>> HTTP REQUEST POST https://firebasehosting.googleapis.com/v1beta1/sites/dinify/versions  

[debug] [2019-02-26T11:48:59.130Z] <<< HTTP RESPONSE 200
[info] i  hosting[dinify]: beginning deploy...
[info] i  hosting[dinify]: found 554 files in build
[debug] [2019-02-26T11:48:59.237Z] [hosting] hash cache [YnVpbGQ] load error: lines is not defined
[debug] [2019-02-26T11:49:00.009Z] [hosting] hash cache [YnVpbGQ] stored for 554 files
[debug] [2019-02-26T11:49:00.009Z] [hosting][hash queue][FINAL]
[debug] [2019-02-26T11:49:00.009Z] >>> HTTP REQUEST POST https://firebasehosting.googleapis.com/v1beta1/sites/dinify/versions/ec89abd1093b2b8f:populateFiles  
 <request body omitted>
